# JRE version: Java(TM) SE Runtime Environment (8.0_181-b13) (build 1.8.0_181-b13)
# Java VM: Java HotSpot(TM) 64-Bit Server VM (25.181-b13 mixed mode windows-amd64 compressed oops)
Heap:
 PSYoungGen      total 1352192K, used 116818K [0x000000076c900000, 0x00000007c0000000, 0x00000007c0000000)
  eden space 1337344K, 8% used [0x000000076c900000,0x0000000773b14af0,0x00000007be300000)
  from space 14848K, 0% used [0x00000007bf180000,0x00000007bf180000,0x00000007c0000000)
  to   space 14848K, 0% used [0x00000007be300000,0x00000007be300000,0x00000007bf180000)
 ParOldGen       total 227328K, used 67207K [0x00000006c5a00000, 0x00000006d3800000, 0x000000076c900000)
  object space 227328K, 29% used [0x00000006c5a00000,0x00000006c9ba1f60,0x00000006d3800000)
 Metaspace       used 78323K, capacity 81408K, committed 81664K, reserved 1120256K
  class space    used 9537K, capacity 10207K, committed 10240K, reserved 1048576K
GC Heap History (10 events):
Event: 582.203 GC heap before
{Heap before GC invocations=95 (full 8):
 PSYoungGen      total 1346560K, used 1339755K [0x000000076c900000, 0x00000007bfd80000, 0x00000007c0000000)
  eden space 1331712K, 100% used [0x000000076c900000,0x00000007bdd80000,0x00000007bdd80000)
  from space 14848K, 54% used [0x00000007bef00000,0x00000007bf6dae90,0x00000007bfd80000)
  to   space 16384K, 0% used [0x00000007bdd80000,0x00000007bdd80000,0x00000007bed80000)
 ParOldGen       total 227328K, used 197950K [0x00000006c5a00000, 0x00000006d3800000, 0x000000076c900000)
  object space 227328K, 87% used [0x00000006c5a00000,0x00000006d1b4f8f8,0x00000006d3800000)
 Metaspace       used 77967K, capacity 81020K, committed 81152K, reserved 1120256K
  class space    used 9518K, capacity 10164K, committed 10240K, reserved 1048576K
Event: 582.207 GC heap after
Heap after GC invocations=95 (full 8):
 PSYoungGen      total 1348096K, used 8717K [0x000000076c900000, 0x00000007c0000000, 0x00000007c0000000)
  eden space 1331712K, 0% used [0x000000076c900000,0x000000076c900000,0x00000007bdd80000)
  from space 16384K, 53% used [0x00000007bdd80000,0x00000007be603750,0x00000007bed80000)
  to   space 15872K, 0% used [0x00000007bf080000,0x00000007bf080000,0x00000007c0000000)
 ParOldGen       total 227328K, used 198367K [0x00000006c5a00000, 0x00000006d3800000, 0x000000076c900000)
  object space 227328K, 87% used [0x00000006c5a00000,0x00000006d1bb7e18,0x00000006d3800000)
 Metaspace       used 77967K, capacity 81020K, committed 81152K, reserved 1120256K
  class space    used 9518K, capacity 10164K, committed 10240K, reserved 1048576K
}
Event: 582.789 GC heap before
{Heap before GC invocations=96 (full 8):
 PSYoungGen      total 1348096K, used 1340429K [0x000000076c900000, 0x00000007c0000000, 0x00000007c0000000)
  eden space 1331712K, 100% used [0x000000076c900000,0x00000007bdd80000,0x00000007bdd80000)
  from space 16384K, 53% used [0x00000007bdd80000,0x00000007be603750,0x00000007bed80000)
  to   space 15872K, 0% used [0x00000007bf080000,0x00000007bf080000,0x00000007c0000000)
 ParOldGen       total 227328K, used 198367K [0x00000006c5a00000, 0x00000006d3800000, 0x000000076c900000)
  object space 227328K, 87% used [0x00000006c5a00000,0x00000006d1bb7e18,0x00000006d3800000)
 Metaspace       used 77967K, capacity 81020K, committed 81152K, reserved 1120256K
  class space    used 9518K, capacity 10164K, committed 10240K, reserved 1048576K
Event: 582.795 GC heap after
Heap after GC invocations=96 (full 8):
 PSYoungGen      total 1349120K, used 8027K [0x000000076c900000, 0x00000007bfe80000, 0x00000007c0000000)
  eden space 1334784K, 0% used [0x000000076c900000,0x000000076c900000,0x00000007be080000)
  from space 14336K, 55% used [0x00000007bf080000,0x00000007bf856e20,0x00000007bfe80000)
  to   space 15360K, 0% used [0x00000007be080000,0x00000007be080000,0x00000007bef80000)
 ParOldGen       total 227328K, used 198559K [0x00000006c5a00000, 0x00000006d3800000, 0x000000076c900000)
  object space 227328K, 87% used [0x00000006c5a00000,0x00000006d1be7e18,0x00000006d3800000)
 Metaspace       used 77967K, capacity 81020K, committed 81152K, reserved 1120256K
  class space    used 9518K, capacity 10164K, committed 10240K, reserved 1048576K
}
Event: 583.353 GC heap before
{Heap before GC invocations=97 (full 8):
 PSYoungGen      total 1349120K, used 1342811K [0x000000076c900000, 0x00000007bfe80000, 0x00000007c0000000)
  eden space 1334784K, 100% used [0x000000076c900000,0x00000007be080000,0x00000007be080000)
  from space 14336K, 55% used [0x00000007bf080000,0x00000007bf856e20,0x00000007bfe80000)
  to   space 15360K, 0% used [0x00000007be080000,0x00000007be080000,0x00000007bef80000)
 ParOldGen       total 227328K, used 198559K [0x00000006c5a00000, 0x00000006d3800000, 0x000000076c900000)
  object space 227328K, 87% used [0x00000006c5a00000,0x00000006d1be7e18,0x00000006d3800000)
 Metaspace       used 77967K, capacity 81020K, committed 81152K, reserved 1120256K
  class space    used 9518K, capacity 10164K, committed 10240K, reserved 1048576K
Event: 583.359 GC heap after
Heap after GC invocations=97 (full 8):
 PSYoungGen      total 1350144K, used 6788K [0x000000076c900000, 0x00000007c0000000, 0x00000007c0000000)
  eden space 1334784K, 0% used [0x000000076c900000,0x000000076c900000,0x00000007be080000)
  from space 15360K, 44% used [0x00000007be080000,0x00000007be721278,0x00000007bef80000)
  to   space 14848K, 0% used [0x00000007bf180000,0x00000007bf180000,0x00000007c0000000)
 ParOldGen       total 227328K, used 199055K [0x00000006c5a00000, 0x00000006d3800000, 0x000000076c900000)
  object space 227328K, 87% used [0x00000006c5a00000,0x00000006d1c63e18,0x00000006d3800000)
 Metaspace       used 77967K, capacity 81020K, committed 81152K, reserved 1120256K
  class space    used 9518K, capacity 10164K, committed 10240K, reserved 1048576K
}
Event: 802.809 GC heap before
{Heap before GC invocations=98 (full 8):
 PSYoungGen      total 1350144K, used 775668K [0x000000076c900000, 0x00000007c0000000, 0x00000007c0000000)
  eden space 1334784K, 57% used [0x000000076c900000,0x000000079b7dbf30,0x00000007be080000)
  from space 15360K, 44% used [0x00000007be080000,0x00000007be721278,0x00000007bef80000)
  to   space 14848K, 0% used [0x00000007bf180000,0x00000007bf180000,0x00000007c0000000)
 ParOldGen       total 227328K, used 199055K [0x00000006c5a00000, 0x00000006d3800000, 0x000000076c900000)
  object space 227328K, 87% used [0x00000006c5a00000,0x00000006d1c63e18,0x00000006d3800000)
 Metaspace       used 78178K, capacity 81224K, committed 81408K, reserved 1120256K
  class space    used 9522K, capacity 10167K, committed 10240K, reserved 1048576K
Event: 802.813 GC heap after
Heap after GC invocations=98 (full 8):
 PSYoungGen      total 1352192K, used 4422K [0x000000076c900000, 0x00000007c0000000, 0x00000007c0000000)
  eden space 1337344K, 0% used [0x000000076c900000,0x000000076c900000,0x00000007be300000)
  from space 14848K, 29% used [0x00000007bf180000,0x00000007bf5d1a70,0x00000007c0000000)
  to   space 14848K, 0% used [0x00000007be300000,0x00000007be300000,0x00000007bf180000)
 ParOldGen       total 227328K, used 199567K [0x00000006c5a00000, 0x00000006d3800000, 0x000000076c900000)
  object space 227328K, 87% used [0x00000006c5a00000,0x00000006d1ce3e18,0x00000006d3800000)
 Metaspace       used 78178K, capacity 81224K, committed 81408K, reserved 1120256K
  class space    used 9522K, capacity 10167K, committed 10240K, reserved 1048576K
}
Event: 802.813 GC heap before
{Heap before GC invocations=99 (full 9):
 PSYoungGen      total 1352192K, used 4422K [0x000000076c900000, 0x00000007c0000000, 0x00000007c0000000)
  eden space 1337344K, 0% used [0x000000076c900000,0x000000076c900000,0x00000007be300000)
  from space 14848K, 29% used [0x00000007bf180000,0x00000007bf5d1a70,0x00000007c0000000)
  to   space 14848K, 0% used [0x00000007be300000,0x00000007be300000,0x00000007bf180000)
 ParOldGen       total 227328K, used 199567K [0x00000006c5a00000, 0x00000006d3800000, 0x000000076c900000)
  object space 227328K, 87% used [0x00000006c5a00000,0x00000006d1ce3e18,0x00000006d3800000)
 Metaspace       used 78178K, capacity 81224K, committed 81408K, reserved 1120256K
  class space    used 9522K, capacity 10167K, committed 10240K, reserved 1048576K
Event: 803.021 GC heap after
Heap after GC invocations=99 (full 9):
 PSYoungGen      total 1352192K, used 0K [0x000000076c900000, 0x00000007c0000000, 0x00000007c0000000)
  eden space 1337344K, 0% used [0x000000076c900000,0x000000076c900000,0x00000007be300000)
  from space 14848K, 0% used [0x00000007bf180000,0x00000007bf180000,0x00000007c0000000)
  to   space 14848K, 0% used [0x00000007be300000,0x00000007be300000,0x00000007bf180000)
 ParOldGen       total 227328K, used 67207K [0x00000006c5a00000, 0x00000006d3800000, 0x000000076c900000)
  object space 227328K, 29% used [0x00000006c5a00000,0x00000006c9ba1f60,0x00000006d3800000)
 Metaspace       used 78178K, capacity 81224K, committed 81408K, reserved 1120256K
  class space    used 9522K, capacity 10167K, committed 10240K, reserved 1048576K
}

