# JRE version: Java(TM) SE Runtime Environment (8.0_181-b13) (build 1.8.0_181-b13)
# Java VM: Java HotSpot(TM) 64-Bit Server VM (25.181-b13 mixed mode windows-amd64 compressed oops)
Heap:
 PSYoungGen      total 1349632K, used 130081K [0x000000076c900000, 0x00000007c0000000, 0x00000007c0000000)
  eden space 1332224K, 9% used [0x000000076c900000,0x0000000774808678,0x00000007bde00000)
  from space 17408K, 0% used [0x00000007bef00000,0x00000007bef00000,0x00000007c0000000)
  to   space 17408K, 0% used [0x00000007bde00000,0x00000007bde00000,0x00000007bef00000)
 ParOldGen       total 550400K, used 252977K [0x00000006c5a00000, 0x00000006e7380000, 0x000000076c900000)
  object space 550400K, 45% used [0x00000006c5a00000,0x00000006d510c6e8,0x00000006e7380000)
 Metaspace       used 109929K, capacity 117970K, committed 118016K, reserved 1153024K
  class space    used 12150K, capacity 13790K, committed 13824K, reserved 1048576K
GC Heap History (10 events):
Event: 2943.701 GC heap before
{Heap before GC invocations=358 (full 37):
 PSYoungGen      total 1351680K, used 1335808K [0x000000076c900000, 0x00000007c0000000, 0x00000007c0000000)
  eden space 1335808K, 100% used [0x000000076c900000,0x00000007be180000,0x00000007be180000)
  from space 15872K, 0% used [0x00000007bf080000,0x00000007bf080000,0x00000007c0000000)
  to   space 15360K, 0% used [0x00000007be180000,0x00000007be180000,0x00000007bf080000)
 ParOldGen       total 550400K, used 246000K [0x00000006c5a00000, 0x00000006e7380000, 0x000000076c900000)
  object space 550400K, 44% used [0x00000006c5a00000,0x00000006d4a3c1c8,0x00000006e7380000)
 Metaspace       used 109155K, capacity 117242K, committed 117504K, reserved 1153024K
  class space    used 12102K, capacity 13733K, committed 13824K, reserved 1048576K
Event: 2943.708 GC heap after
Heap after GC invocations=358 (full 37):
 PSYoungGen      total 1351168K, used 15351K [0x000000076c900000, 0x00000007c0000000, 0x00000007c0000000)
  eden space 1335808K, 0% used [0x000000076c900000,0x000000076c900000,0x00000007be180000)
  from space 15360K, 99% used [0x00000007be180000,0x00000007bf07dc90,0x00000007bf080000)
  to   space 15872K, 0% used [0x00000007bf080000,0x00000007bf080000,0x00000007c0000000)
 ParOldGen       total 550400K, used 247171K [0x00000006c5a00000, 0x00000006e7380000, 0x000000076c900000)
  object space 550400K, 44% used [0x00000006c5a00000,0x00000006d4b60f60,0x00000006e7380000)
 Metaspace       used 109155K, capacity 117242K, committed 117504K, reserved 1153024K
  class space    used 12102K, capacity 13733K, committed 13824K, reserved 1048576K
}
Event: 2945.019 GC heap before
{Heap before GC invocations=359 (full 37):
 PSYoungGen      total 1351168K, used 1351159K [0x000000076c900000, 0x00000007c0000000, 0x00000007c0000000)
  eden space 1335808K, 100% used [0x000000076c900000,0x00000007be180000,0x00000007be180000)
  from space 15360K, 99% used [0x00000007be180000,0x00000007bf07dc90,0x00000007bf080000)
  to   space 15872K, 0% used [0x00000007bf080000,0x00000007bf080000,0x00000007c0000000)
 ParOldGen       total 550400K, used 247171K [0x00000006c5a00000, 0x00000006e7380000, 0x000000076c900000)
  object space 550400K, 44% used [0x00000006c5a00000,0x00000006d4b60f60,0x00000006e7380000)
 Metaspace       used 109157K, capacity 117242K, committed 117504K, reserved 1153024K
  class space    used 12102K, capacity 13733K, committed 13824K, reserved 1048576K
Event: 2945.025 GC heap after
Heap after GC invocations=359 (full 37):
 PSYoungGen      total 1347072K, used 11938K [0x000000076c900000, 0x00000007c0000000, 0x00000007c0000000)
  eden space 1331200K, 0% used [0x000000076c900000,0x000000076c900000,0x00000007bdd00000)
  from space 15872K, 75% used [0x00000007bf080000,0x00000007bfc28b58,0x00000007c0000000)
  to   space 17920K, 0% used [0x00000007bdd00000,0x00000007bdd00000,0x00000007bee80000)
 ParOldGen       total 550400K, used 247171K [0x00000006c5a00000, 0x00000006e7380000, 0x000000076c900000)
  object space 550400K, 44% used [0x00000006c5a00000,0x00000006d4b60f60,0x00000006e7380000)
 Metaspace       used 109157K, capacity 117242K, committed 117504K, reserved 1153024K
  class space    used 12102K, capacity 13733K, committed 13824K, reserved 1048576K
}
Event: 2946.095 GC heap before
{Heap before GC invocations=360 (full 37):
 PSYoungGen      total 1347072K, used 1343138K [0x000000076c900000, 0x00000007c0000000, 0x00000007c0000000)
  eden space 1331200K, 100% used [0x000000076c900000,0x00000007bdd00000,0x00000007bdd00000)
  from space 15872K, 75% used [0x00000007bf080000,0x00000007bfc28b58,0x00000007c0000000)
  to   space 17920K, 0% used [0x00000007bdd00000,0x00000007bdd00000,0x00000007bee80000)
 ParOldGen       total 550400K, used 247171K [0x00000006c5a00000, 0x00000006e7380000, 0x000000076c900000)
  object space 550400K, 44% used [0x00000006c5a00000,0x00000006d4b60f60,0x00000006e7380000)
 Metaspace       used 109158K, capacity 117242K, committed 117504K, reserved 1153024K
  class space    used 12102K, capacity 13733K, committed 13824K, reserved 1048576K
Event: 2946.100 GC heap after
Heap after GC invocations=360 (full 37):
 PSYoungGen      total 1349120K, used 12034K [0x000000076c900000, 0x00000007c0000000, 0x00000007c0000000)
  eden space 1331200K, 0% used [0x000000076c900000,0x000000076c900000,0x00000007bdd00000)
  from space 17920K, 67% used [0x00000007bdd00000,0x00000007be8c0af8,0x00000007bee80000)
  to   space 17408K, 0% used [0x00000007bef00000,0x00000007bef00000,0x00000007c0000000)
 ParOldGen       total 550400K, used 247171K [0x00000006c5a00000, 0x00000006e7380000, 0x000000076c900000)
  object space 550400K, 44% used [0x00000006c5a00000,0x00000006d4b60f60,0x00000006e7380000)
 Metaspace       used 109158K, capacity 117242K, committed 117504K, reserved 1153024K
  class space    used 12102K, capacity 13733K, committed 13824K, reserved 1048576K
}
Event: 2988.459 GC heap before
{Heap before GC invocations=361 (full 37):
 PSYoungGen      total 1349120K, used 1260957K [0x000000076c900000, 0x00000007c0000000, 0x00000007c0000000)
  eden space 1331200K, 93% used [0x000000076c900000,0x00000007b8ca6930,0x00000007bdd00000)
  from space 17920K, 67% used [0x00000007bdd00000,0x00000007be8c0af8,0x00000007bee80000)
  to   space 17408K, 0% used [0x00000007bef00000,0x00000007bef00000,0x00000007c0000000)
 ParOldGen       total 550400K, used 247171K [0x00000006c5a00000, 0x00000006e7380000, 0x000000076c900000)
  object space 550400K, 44% used [0x00000006c5a00000,0x00000006d4b60f60,0x00000006e7380000)
 Metaspace       used 109749K, capacity 117722K, committed 118016K, reserved 1153024K
  class space    used 12128K, capacity 13750K, committed 13824K, reserved 1048576K
Event: 2988.464 GC heap after
Heap after GC invocations=361 (full 37):
 PSYoungGen      total 1349632K, used 8569K [0x000000076c900000, 0x00000007c0000000, 0x00000007c0000000)
  eden space 1332224K, 0% used [0x000000076c900000,0x000000076c900000,0x00000007bde00000)
  from space 17408K, 49% used [0x00000007bef00000,0x00000007bf75e7d8,0x00000007c0000000)
  to   space 17408K, 0% used [0x00000007bde00000,0x00000007bde00000,0x00000007bef00000)
 ParOldGen       total 550400K, used 247179K [0x00000006c5a00000, 0x00000006e7380000, 0x000000076c900000)
  object space 550400K, 44% used [0x00000006c5a00000,0x00000006d4b62f60,0x00000006e7380000)
 Metaspace       used 109749K, capacity 117722K, committed 118016K, reserved 1153024K
  class space    used 12128K, capacity 13750K, committed 13824K, reserved 1048576K
}
Event: 2988.464 GC heap before
{Heap before GC invocations=362 (full 38):
 PSYoungGen      total 1349632K, used 8569K [0x000000076c900000, 0x00000007c0000000, 0x00000007c0000000)
  eden space 1332224K, 0% used [0x000000076c900000,0x000000076c900000,0x00000007bde00000)
  from space 17408K, 49% used [0x00000007bef00000,0x00000007bf75e7d8,0x00000007c0000000)
  to   space 17408K, 0% used [0x00000007bde00000,0x00000007bde00000,0x00000007bef00000)
 ParOldGen       total 550400K, used 247179K [0x00000006c5a00000, 0x00000006e7380000, 0x000000076c900000)
  object space 550400K, 44% used [0x00000006c5a00000,0x00000006d4b62f60,0x00000006e7380000)
 Metaspace       used 109749K, capacity 117722K, committed 118016K, reserved 1153024K
  class space    used 12128K, capacity 13750K, committed 13824K, reserved 1048576K
Event: 2988.818 GC heap after
Heap after GC invocations=362 (full 38):
 PSYoungGen      total 1349632K, used 0K [0x000000076c900000, 0x00000007c0000000, 0x00000007c0000000)
  eden space 1332224K, 0% used [0x000000076c900000,0x000000076c900000,0x00000007bde00000)
  from space 17408K, 0% used [0x00000007bef00000,0x00000007bef00000,0x00000007c0000000)
  to   space 17408K, 0% used [0x00000007bde00000,0x00000007bde00000,0x00000007bef00000)
 ParOldGen       total 550400K, used 252977K [0x00000006c5a00000, 0x00000006e7380000, 0x000000076c900000)
  object space 550400K, 45% used [0x00000006c5a00000,0x00000006d510c6e8,0x00000006e7380000)
 Metaspace       used 109749K, capacity 117722K, committed 118016K, reserved 1153024K
  class space    used 12128K, capacity 13750K, committed 13824K, reserved 1048576K
}

