# JRE version: Java(TM) SE Runtime Environment (8.0_181-b13) (build 1.8.0_181-b13)
# Java VM: Java HotSpot(TM) 64-Bit Server VM (25.181-b13 mixed mode windows-amd64 compressed oops)
Heap:
 PSYoungGen      total 557056K, used 42723K [0x000000076c900000, 0x0000000790680000, 0x00000007c0000000)
  eden space 536064K, 7% used [0x000000076c900000,0x000000076f2b8fe8,0x000000078d480000)
  from space 20992K, 0% used [0x000000078d480000,0x000000078d480000,0x000000078e900000)
  to   space 20480K, 0% used [0x000000078f280000,0x000000078f280000,0x0000000790680000)
 ParOldGen       total 243200K, used 142270K [0x00000006c5a00000, 0x00000006d4780000, 0x000000076c900000)
  object space 243200K, 58% used [0x00000006c5a00000,0x00000006ce4ef9e0,0x00000006d4780000)
 Metaspace       used 91877K, capacity 97798K, committed 97920K, reserved 1134592K
  class space    used 10787K, capacity 12099K, committed 12160K, reserved 1048576K
GC Heap History (10 events):
Event: 1486.953 GC heap before
{Heap before GC invocations=78 (full 23):
 PSYoungGen      total 549888K, used 63439K [0x000000076c900000, 0x000000078fe00000, 0x00000007c0000000)
  eden space 529408K, 9% used [0x000000076c900000,0x000000076f95de90,0x000000078ce00000)
  from space 20480K, 67% used [0x000000078e280000,0x000000078f016128,0x000000078f680000)
  to   space 20992K, 0% used [0x000000078ce00000,0x000000078ce00000,0x000000078e280000)
 ParOldGen       total 243200K, used 132731K [0x00000006c5a00000, 0x00000006d4780000, 0x000000076c900000)
  object space 243200K, 54% used [0x00000006c5a00000,0x00000006cdb9ede8,0x00000006d4780000)
 Metaspace       used 90953K, capacity 96770K, committed 97024K, reserved 1134592K
  class space    used 10725K, capacity 12019K, committed 12032K, reserved 1048576K
Event: 1486.956 GC heap after
Heap after GC invocations=78 (full 23):
 PSYoungGen      total 550400K, used 6154K [0x000000076c900000, 0x000000078fd00000, 0x00000007c0000000)
  eden space 529408K, 0% used [0x000000076c900000,0x000000076c900000,0x000000078ce00000)
  from space 20992K, 29% used [0x000000078ce00000,0x000000078d402808,0x000000078e280000)
  to   space 20480K, 0% used [0x000000078e900000,0x000000078e900000,0x000000078fd00000)
 ParOldGen       total 243200K, used 132739K [0x00000006c5a00000, 0x00000006d4780000, 0x000000076c900000)
  object space 243200K, 54% used [0x00000006c5a00000,0x00000006cdba0de8,0x00000006d4780000)
 Metaspace       used 90953K, capacity 96770K, committed 97024K, reserved 1134592K
  class space    used 10725K, capacity 12019K, committed 12032K, reserved 1048576K
}
Event: 1486.956 GC heap before
{Heap before GC invocations=79 (full 24):
 PSYoungGen      total 550400K, used 6154K [0x000000076c900000, 0x000000078fd00000, 0x00000007c0000000)
  eden space 529408K, 0% used [0x000000076c900000,0x000000076c900000,0x000000078ce00000)
  from space 20992K, 29% used [0x000000078ce00000,0x000000078d402808,0x000000078e280000)
  to   space 20480K, 0% used [0x000000078e900000,0x000000078e900000,0x000000078fd00000)
 ParOldGen       total 243200K, used 132739K [0x00000006c5a00000, 0x00000006d4780000, 0x000000076c900000)
  object space 243200K, 54% used [0x00000006c5a00000,0x00000006cdba0de8,0x00000006d4780000)
 Metaspace       used 90953K, capacity 96770K, committed 97024K, reserved 1134592K
  class space    used 10725K, capacity 12019K, committed 12032K, reserved 1048576K
Event: 1487.213 GC heap after
Heap after GC invocations=79 (full 24):
 PSYoungGen      total 550400K, used 0K [0x000000076c900000, 0x000000078fd00000, 0x00000007c0000000)
  eden space 529408K, 0% used [0x000000076c900000,0x000000076c900000,0x000000078ce00000)
  from space 20992K, 0% used [0x000000078ce00000,0x000000078ce00000,0x000000078e280000)
  to   space 20480K, 0% used [0x000000078e900000,0x000000078e900000,0x000000078fd00000)
 ParOldGen       total 243200K, used 137497K [0x00000006c5a00000, 0x00000006d4780000, 0x000000076c900000)
  object space 243200K, 56% used [0x00000006c5a00000,0x00000006ce046788,0x00000006d4780000)
 Metaspace       used 90953K, capacity 96770K, committed 97024K, reserved 1134592K
  class space    used 10725K, capacity 12019K, committed 12032K, reserved 1048576K
}
Event: 1491.702 GC heap before
{Heap before GC invocations=80 (full 24):
 PSYoungGen      total 550400K, used 529408K [0x000000076c900000, 0x000000078fd00000, 0x00000007c0000000)
  eden space 529408K, 100% used [0x000000076c900000,0x000000078ce00000,0x000000078ce00000)
  from space 20992K, 0% used [0x000000078ce00000,0x000000078ce00000,0x000000078e280000)
  to   space 20480K, 0% used [0x000000078e900000,0x000000078e900000,0x000000078fd00000)
 ParOldGen       total 243200K, used 137497K [0x00000006c5a00000, 0x00000006d4780000, 0x000000076c900000)
  object space 243200K, 56% used [0x00000006c5a00000,0x00000006ce046788,0x00000006d4780000)
 Metaspace       used 91862K, capacity 97786K, committed 97920K, reserved 1134592K
  class space    used 10785K, capacity 12095K, committed 12160K, reserved 1048576K
Event: 1491.710 GC heap after
Heap after GC invocations=80 (full 24):
 PSYoungGen      total 556544K, used 13756K [0x000000076c900000, 0x0000000790780000, 0x00000007c0000000)
  eden space 536064K, 0% used [0x000000076c900000,0x000000076c900000,0x000000078d480000)
  from space 20480K, 67% used [0x000000078e900000,0x000000078f66f2a0,0x000000078fd00000)
  to   space 20992K, 0% used [0x000000078d480000,0x000000078d480000,0x000000078e900000)
 ParOldGen       total 243200K, used 137505K [0x00000006c5a00000, 0x00000006d4780000, 0x000000076c900000)
  object space 243200K, 56% used [0x00000006c5a00000,0x00000006ce048788,0x00000006d4780000)
 Metaspace       used 91862K, capacity 97786K, committed 97920K, reserved 1134592K
  class space    used 10785K, capacity 12095K, committed 12160K, reserved 1048576K
}
Event: 1492.429 GC heap before
{Heap before GC invocations=81 (full 24):
 PSYoungGen      total 556544K, used 42364K [0x000000076c900000, 0x0000000790780000, 0x00000007c0000000)
  eden space 536064K, 5% used [0x000000076c900000,0x000000076e4efe00,0x000000078d480000)
  from space 20480K, 67% used [0x000000078e900000,0x000000078f66f2a0,0x000000078fd00000)
  to   space 20992K, 0% used [0x000000078d480000,0x000000078d480000,0x000000078e900000)
 ParOldGen       total 243200K, used 137505K [0x00000006c5a00000, 0x00000006d4780000, 0x000000076c900000)
  object space 243200K, 56% used [0x00000006c5a00000,0x00000006ce048788,0x00000006d4780000)
 Metaspace       used 91869K, capacity 97792K, committed 97920K, reserved 1134592K
  class space    used 10786K, capacity 12097K, committed 12160K, reserved 1048576K
Event: 1492.431 GC heap after
Heap after GC invocations=81 (full 24):
 PSYoungGen      total 557056K, used 6201K [0x000000076c900000, 0x0000000790680000, 0x00000007c0000000)
  eden space 536064K, 0% used [0x000000076c900000,0x000000076c900000,0x000000078d480000)
  from space 20992K, 29% used [0x000000078d480000,0x000000078da8e7f8,0x000000078e900000)
  to   space 20480K, 0% used [0x000000078f280000,0x000000078f280000,0x0000000790680000)
 ParOldGen       total 243200K, used 137513K [0x00000006c5a00000, 0x00000006d4780000, 0x000000076c900000)
  object space 243200K, 56% used [0x00000006c5a00000,0x00000006ce04a788,0x00000006d4780000)
 Metaspace       used 91869K, capacity 97792K, committed 97920K, reserved 1134592K
  class space    used 10786K, capacity 12097K, committed 12160K, reserved 1048576K
}
Event: 1492.431 GC heap before
{Heap before GC invocations=82 (full 25):
 PSYoungGen      total 557056K, used 6201K [0x000000076c900000, 0x0000000790680000, 0x00000007c0000000)
  eden space 536064K, 0% used [0x000000076c900000,0x000000076c900000,0x000000078d480000)
  from space 20992K, 29% used [0x000000078d480000,0x000000078da8e7f8,0x000000078e900000)
  to   space 20480K, 0% used [0x000000078f280000,0x000000078f280000,0x0000000790680000)
 ParOldGen       total 243200K, used 137513K [0x00000006c5a00000, 0x00000006d4780000, 0x000000076c900000)
  object space 243200K, 56% used [0x00000006c5a00000,0x00000006ce04a788,0x00000006d4780000)
 Metaspace       used 91869K, capacity 97792K, committed 97920K, reserved 1134592K
  class space    used 10786K, capacity 12097K, committed 12160K, reserved 1048576K
Event: 1492.629 GC heap after
Heap after GC invocations=82 (full 25):
 PSYoungGen      total 557056K, used 0K [0x000000076c900000, 0x0000000790680000, 0x00000007c0000000)
  eden space 536064K, 0% used [0x000000076c900000,0x000000076c900000,0x000000078d480000)
  from space 20992K, 0% used [0x000000078d480000,0x000000078d480000,0x000000078e900000)
  to   space 20480K, 0% used [0x000000078f280000,0x000000078f280000,0x0000000790680000)
 ParOldGen       total 243200K, used 142270K [0x00000006c5a00000, 0x00000006d4780000, 0x000000076c900000)
  object space 243200K, 58% used [0x00000006c5a00000,0x00000006ce4ef9e0,0x00000006d4780000)
 Metaspace       used 91869K, capacity 97792K, committed 97920K, reserved 1134592K
  class space    used 10786K, capacity 12097K, committed 12160K, reserved 1048576K
}

